<?xml version="1.0" encoding="UTF-8"?>
<!-- Generated by org.testng.reporters.JUnitReportReporter -->
<testsuite skipped="0" hostname="ESPLD074" name="testcases.Testcaselogin" tests="2" failures="0" timestamp="07 Oct 2019 04:49:22 GMT" time="29.162" errors="0">
  <testcase name="verifyleaveconfigureholidays" time="15.523" classname="testcases.Testcaselogin"/>
  <testcase name="verifyrecruitmentpage" time="13.639" classname="testcases.Testcaselogin"/>
</testsuite> <!-- testcases.Testcaselogin -->
