<?xml version="1.0" encoding="UTF-8"?>
<!-- Generated by org.testng.reporters.JUnitReportReporter -->
<testsuite hostname="ESPLD074" failures="0" tests="2" name="testcases.Testcaselogin" time="26.802" errors="0" timestamp="05 Sep 2019 12:03:03 GMT" skipped="0">
  <testcase classname="testcases.Testcaselogin" name="verifyleaveconfigureholidays" time="15.007"/>
  <testcase classname="testcases.Testcaselogin" name="verifyrecruitmentpage" time="11.795"/>
</testsuite> <!-- testcases.Testcaselogin -->
