<?xml version="1.0" encoding="UTF-8"?>
<!-- Generated by org.testng.reporters.JUnitReportReporter -->
<testsuite skipped="0" hostname="ESPLD074" name="testcases.Testcaselogin" tests="2" failures="0" timestamp="10 Sep 2019 06:42:31 GMT" time="37.334" errors="0">
  <testcase name="verifyleaveconfigureholidays" time="22.917" classname="testcases.Testcaselogin"/>
  <testcase name="verifyrecruitmentpage" time="14.417" classname="testcases.Testcaselogin"/>
</testsuite> <!-- testcases.Testcaselogin -->
